2019-01-23 18:15:12,490 INFO (RoleController.java:32)- {
	"userName" : "23265656",
	"userCname": "36565"
	
}
2019-01-23 18:15:15,959 ERROR (RocketMQProducer.java:53)- 生产者发送消息异常:org.apache.rocketmq.remoting.exception.RemotingTooMuchRequestException: sendDefaultImpl call timeout
2019-01-23 18:15:15,960 INFO (AESUtil.java:32)- start encrypt...
2019-01-23 18:15:15,961 INFO (AESUtil.java:88)- start buid secret key
2019-01-23 18:15:15,961 INFO (AESUtil.java:100)- secretKey：[B@10b9beed
2019-01-23 18:15:15,961 INFO (AESUtil.java:101)- build secret key completed, spend time:0
2019-01-23 18:15:15,962 INFO (AESUtil.java:42)- encrypt completed, spend time:2
2019-01-23 18:15:15,962 INFO (RoleServiceImpl.java:32)- encrypt contente5KvBU4fHI3snhFmcfk89Sr6VYBFk5P63dDpCw1VhH0guW0B/tKvofD0KKsNo5GkJJnQGuBzDCcOtXxN57wlBQ==
2019-01-23 18:15:15,963 INFO (AESUtil.java:60)- start decrypt...
2019-01-23 18:15:15,963 INFO (AESUtil.java:88)- start buid secret key
2019-01-23 18:15:15,963 INFO (AESUtil.java:100)- secretKey：[B@2486b58d
2019-01-23 18:15:15,964 INFO (AESUtil.java:101)- build secret key completed, spend time:1
2019-01-23 18:15:15,964 INFO (AESUtil.java:71)- decrypt completed, spend time:1
2019-01-23 18:15:15,964 INFO (RoleServiceImpl.java:34)- decrypt content{
	"userName" : "23265656",
	"userCname": "36565"
	
}
2019-01-23 18:15:15,973 DEBUG (BaseJdbcLogger.java:159)- ==>  Preparing: select funcid, func from func 
2019-01-23 18:15:15,974 DEBUG (BaseJdbcLogger.java:159)- ==> Parameters: 
2019-01-23 18:15:15,989 TRACE (BaseJdbcLogger.java:165)- <==    Columns: funcid, func
2019-01-23 18:15:15,989 TRACE (BaseJdbcLogger.java:165)- <==        Row: 1, dsd
