2019-01-23 18:23:06,019 INFO (RoleController.java:32)- {
	"userName" : "23265656",
	"userCname": "36565"
	
}
2019-01-23 18:23:09,716 ERROR (RocketMQProducer.java:53)- 生产者发送消息异常:org.apache.rocketmq.remoting.exception.RemotingTooMuchRequestException: sendDefaultImpl call timeout
2019-01-23 18:23:09,717 INFO (AESUtil.java:32)- start encrypt...
2019-01-23 18:23:09,717 INFO (AESUtil.java:88)- start buid secret key
2019-01-23 18:23:09,718 INFO (AESUtil.java:100)- secretKey：[B@264c9139
2019-01-23 18:23:09,718 INFO (AESUtil.java:101)- build secret key completed, spend time:0
2019-01-23 18:23:09,719 INFO (AESUtil.java:42)- encrypt completed, spend time:2
2019-01-23 18:23:09,719 INFO (RoleServiceImpl.java:32)- encrypt contente5KvBU4fHI3snhFmcfk89Sr6VYBFk5P63dDpCw1VhH0guW0B/tKvofD0KKsNo5GkJJnQGuBzDCcOtXxN57wlBQ==
2019-01-23 18:23:09,720 INFO (AESUtil.java:60)- start decrypt...
2019-01-23 18:23:09,720 INFO (AESUtil.java:88)- start buid secret key
2019-01-23 18:23:09,720 INFO (AESUtil.java:100)- secretKey：[B@6d575b74
2019-01-23 18:23:09,721 INFO (AESUtil.java:101)- build secret key completed, spend time:1
2019-01-23 18:23:09,721 INFO (AESUtil.java:71)- decrypt completed, spend time:1
2019-01-23 18:23:09,721 INFO (RoleServiceImpl.java:34)- decrypt content{
	"userName" : "23265656",
	"userCname": "36565"
	
}
2019-01-23 18:23:09,729 DEBUG (BaseJdbcLogger.java:159)- ==>  Preparing: select funcid, func from func 
2019-01-23 18:23:09,730 DEBUG (BaseJdbcLogger.java:159)- ==> Parameters: 
2019-01-23 18:23:09,738 TRACE (BaseJdbcLogger.java:165)- <==    Columns: funcid, func
2019-01-23 18:23:09,738 TRACE (BaseJdbcLogger.java:165)- <==        Row: 1, dsd
