2019-01-23 17:52:06,828 INFO (AESUtil.java:42)- encrypt completed, spend time:467
2019-01-23 17:52:06,836 INFO (RoleServiceImpl.java:32)- encrypt contente5KvBU4fHI3snhFmcfk89Sr6VYBFk5P63dDpCw1VhH0guW0B/tKvofD0KKsNo5GkJJnQGuBzDCcOtXxN57wlBQ==
2019-01-23 17:52:06,836 INFO (AESUtil.java:60)- start decrypt...
2019-01-23 17:52:06,837 INFO (AESUtil.java:88)- start buid secret key
2019-01-23 17:52:06,837 INFO (AESUtil.java:100)- secretKey：[B@6465bc93
2019-01-23 17:52:06,838 INFO (AESUtil.java:101)- build secret key completed, spend time:0
2019-01-23 17:52:06,838 INFO (AESUtil.java:71)- decrypt completed, spend time:1
2019-01-23 17:52:06,838 INFO (RoleServiceImpl.java:34)- decrypt content{
	"userName" : "23265656",
	"userCname": "36565"
	
}
2019-01-23 17:52:06,872 DEBUG (BaseJdbcLogger.java:159)- ==>  Preparing: select funcid, func from func 
2019-01-23 17:52:06,887 DEBUG (BaseJdbcLogger.java:159)- ==> Parameters: 
2019-01-23 17:52:07,148 TRACE (BaseJdbcLogger.java:165)- <==    Columns: funcid, func
2019-01-23 17:52:07,149 TRACE (BaseJdbcLogger.java:165)- <==        Row: 1, dsd
2019-01-23 17:52:07,158 TRACE (BaseJdbcLogger.java:165)- <==        Row: 2, frfs
2019-01-23 17:52:07,159 TRACE (BaseJdbcLogger.java:165)- <==        Row: 3, FDFS
2019-01-23 17:52:07,159 DEBUG (BaseJdbcLogger.java:159)- <==      Total: 3
2019-01-23 17:52:07,165 INFO (RoleServiceImpl.java:53)- 返回json为：{"code":"0000","message":"success","list":[{"func":"dsd","funcId":"1"},{"func":"frfs","funcId":"2"},{"func":"FDFS","funcId":"3"}]}
2019-01-23 18:02:50,276 INFO (StartupInfoLogger.java:50)- Starting Application on DESKTOP-2PRE44Q with PID 200208 (C:\Users\admin\Downloads\MyBatis-Spring-Boot-master\MyBatis-Spring-Boot-master\target\classes started by admin in C:\Users\admin\Downloads\MyBatis-Spring-Boot-master\MyBatis-Spring-Boot-master)
2019-01-23 18:02:50,277 DEBUG (StartupInfoLogger.java:53)- Running with Spring Boot v2.0.1.RELEASE, Spring v5.0.5.RELEASE
2019-01-23 18:02:50,279 INFO (SpringApplication.java:663)- The following profiles are active: dev
