2019-01-28 18:05:31,426 ERROR (RocketMQConsumerCost.java:43)- initialization mq consumer exception
java.lang.InterruptedException: sleep interrupted
	at java.lang.Thread.sleep(Native Method)
	at tk.mybatis.springboot.mq.mqimpl.RocketMQConsumerCost.consumerCost(RocketMQConsumerCost.java:41)
	at sun.reflect.NativeMethodAccessorImpl.invoke0(Native Method)
	at sun.reflect.NativeMethodAccessorImpl.invoke(NativeMethodAccessorImpl.java:62)
	at sun.reflect.DelegatingMethodAccessorImpl.invoke(DelegatingMethodAccessorImpl.java:43)
	at java.lang.reflect.Method.invoke(Method.java:498)
	at org.springframework.scheduling.support.ScheduledMethodRunnable.run(ScheduledMethodRunnable.java:65)
	at org.springframework.scheduling.support.DelegatingErrorHandlingRunnable.run(DelegatingErrorHandlingRunnable.java:54)
	at java.util.concurrent.Executors$RunnableAdapter.call(Executors.java:511)
	at java.util.concurrent.FutureTask.runAndReset$$$capture(FutureTask.java:308)
	at java.util.concurrent.FutureTask.runAndReset(FutureTask.java)
	at java.util.concurrent.ScheduledThreadPoolExecutor$ScheduledFutureTask.access$301(ScheduledThreadPoolExecutor.java:180)
	at java.util.concurrent.ScheduledThreadPoolExecutor$ScheduledFutureTask.run(ScheduledThreadPoolExecutor.java:294)
	at java.util.concurrent.ThreadPoolExecutor.runWorker(ThreadPoolExecutor.java:1149)
	at java.util.concurrent.ThreadPoolExecutor$Worker.run(ThreadPoolExecutor.java:624)
	at java.lang.Thread.run(Thread.java:748)
2019-01-28 18:05:40,960 INFO (StartupInfoLogger.java:50)- Starting Application on DESKTOP-2PRE44Q with PID 259040 (C:\Users\admin\Downloads\MyBatis-Spring-Boot-master\MyBatis-Spring-Boot-master\target\classes started by admin in C:\Users\admin\Downloads\MyBatis-Spring-Boot-master\MyBatis-Spring-Boot-master)
2019-01-28 18:05:40,961 DEBUG (StartupInfoLogger.java:53)- Running with Spring Boot v2.0.1.RELEASE, Spring v5.0.5.RELEASE
2019-01-28 18:05:40,963 INFO (SpringApplication.java:663)- The following profiles are active: pro
