2019-01-24 12:51:39,781 INFO (RoleController.java:32)- {
	"userName" : "025888",
	"userCname": "63323222"
	
}
2019-01-24 12:51:48,495 INFO (RocketMQProducer.java:51)- messageId=C0A81268310818B4AAC27934E0400001, status=SEND_OK
2019-01-24 12:51:48,495 INFO (AESUtil.java:32)- start encrypt...
2019-01-24 12:51:48,496 INFO (AESUtil.java:88)- start buid secret key
2019-01-24 12:51:48,496 INFO (AESUtil.java:100)- secretKey：[B@2e56da67
2019-01-24 12:51:48,497 INFO (AESUtil.java:101)- build secret key completed, spend time:1
2019-01-24 12:51:48,497 INFO (AESUtil.java:42)- encrypt completed, spend time:2
2019-01-24 12:51:48,497 INFO (RoleServiceImpl.java:32)- encrypt contente5KvBU4fHI3snhFmcfk89ZbM95rEStrAKFhlzpvCzQQ4edit6x0saq3c6MuDCgSoCLyUZtPVMUBvmCTyRPCwhw==
2019-01-24 12:51:48,498 INFO (AESUtil.java:60)- start decrypt...
2019-01-24 12:51:48,498 INFO (AESUtil.java:88)- start buid secret key
2019-01-24 12:51:48,499 INFO (AESUtil.java:100)- secretKey：[B@6b17ffdc
2019-01-24 12:51:48,499 INFO (AESUtil.java:101)- build secret key completed, spend time:0
2019-01-24 12:51:48,499 INFO (AESUtil.java:71)- decrypt completed, spend time:1
2019-01-24 12:51:48,499 INFO (RoleServiceImpl.java:34)- decrypt content{
	"userName" : "025888",
	"userCname": "63323222"
	
}
2019-01-24 12:51:48,513 DEBUG (BaseJdbcLogger.java:159)- ==>  Preparing: select funcid, func from func 
2019-01-24 12:51:48,514 DEBUG (BaseJdbcLogger.java:159)- ==> Parameters: 
